<?xml version="1.0" encoding="UTF-8"?>
<!-- Generated by org.testng.reporters.JUnitReportReporter -->
<testsuite skipped="2" hostname="LAPTOP-2IFEJBVE" name="com.qa.tests.UserRegistrationTest" tests="3" failures="0" timestamp="23 May 2022 09:00:14 GMT" time="9.252" errors="0">
  <testcase name="registerSingleUserTest" time="9.252" classname="com.qa.tests.UserRegistrationTest"/>
  <testcase name="cancelUserRegisterationTest" classname="com.qa.tests.UserRegistrationTest">
    <skipped/>
  </testcase> <!-- cancelUserRegisterationTest -->
  <testcase name="misMatchPasswordTest" classname="com.qa.tests.UserRegistrationTest">
    <skipped/>
  </testcase> <!-- misMatchPasswordTest -->
</testsuite> <!-- com.qa.tests.UserRegistrationTest -->
