<?xml version="1.0" encoding="UTF-8"?>
<!-- Generated by org.testng.reporters.JUnitReportReporter -->
<testsuite skipped="0" hostname="LAPTOP-2IFEJBVE" name="com.qa.tests.LoginPageTest" tests="1" failures="0" timestamp="22 May 2022 03:32:17 GMT" time="13.687" errors="0">
  <testcase name="logintoHerokuappTest" time="13.687" classname="com.qa.tests.LoginPageTest"/>
</testsuite> <!-- com.qa.tests.LoginPageTest -->
