<?xml version="1.0" encoding="UTF-8"?>
<!-- Generated by org.testng.reporters.JUnitReportReporter -->
<testsuite skipped="1" hostname="LAPTOP-2IFEJBVE" name="api.UserLeaderBoardApiTest" tests="5" failures="0" timestamp="24 May 2022 01:37:21 GMT" time="6.200" errors="0">
  <testcase name="getAllUserTest" time="1.435" classname="api.UserLeaderBoardApiTest"/>
  <testcase name="addnewUserTest" time="1.588" classname="api.UserLeaderBoardApiTest"/>
  <testcase name="updateUserTest" time="1.588" classname="api.UserLeaderBoardApiTest"/>
  <testcase name="getAuthenticatedUserTest" time="1.589" classname="api.UserLeaderBoardApiTest"/>
  <testcase name="deleteUserTest" classname="api.UserLeaderBoardApiTest">
    <skipped/>
  </testcase> <!-- deleteUserTest -->
</testsuite> <!-- api.UserLeaderBoardApiTest -->
