<?xml version="1.0" encoding="UTF-8"?>
<!-- Generated by org.testng.reporters.JUnitReportReporter -->
<testsuite skipped="0" hostname="LAPTOP-2IFEJBVE" name="com.qa.tests.UserRegAuthnApiTest" tests="2" failures="0" timestamp="24 May 2022 00:48:50 GMT" time="6.358" errors="0">
  <testcase name="registerUserTest" time="4.516" classname="com.qa.tests.UserRegAuthnApiTest"/>
  <testcase name="authenticateUserTest" time="1.842" classname="com.qa.tests.UserRegAuthnApiTest"/>
</testsuite> <!-- com.qa.tests.UserRegAuthnApiTest -->
