<?xml version="1.0" encoding="UTF-8"?>
<!-- Generated by org.testng.reporters.JUnitReportReporter -->
<testsuite skipped="1" hostname="LAPTOP-2IFEJBVE" name="com.qa.tests.UserLeaderBoardApiTest" tests="5" failures="0" timestamp="24 May 2022 00:48:50 GMT" time="7.359" errors="0">
  <testcase name="getAllUserTest" time="2.506" classname="com.qa.tests.UserLeaderBoardApiTest"/>
  <testcase name="addnewUserTest" time="1.605" classname="com.qa.tests.UserLeaderBoardApiTest"/>
  <testcase name="updateUserTest" time="1.591" classname="com.qa.tests.UserLeaderBoardApiTest"/>
  <testcase name="getAuthenticatedUserTest" time="1.657" classname="com.qa.tests.UserLeaderBoardApiTest"/>
  <testcase name="deleteUserTest" classname="com.qa.tests.UserLeaderBoardApiTest">
    <skipped/>
  </testcase> <!-- deleteUserTest -->
</testsuite> <!-- com.qa.tests.UserLeaderBoardApiTest -->
