<?xml version="1.0" encoding="UTF-8"?>
<!-- Generated by org.testng.reporters.JUnitReportReporter -->
<testsuite skipped="1" hostname="LAPTOP-2IFEJBVE" name="com.qa.tests.LeaderBoardPageTest" tests="3" failures="1" timestamp="23 May 2022 07:06:38 GMT" time="13.738" errors="0">
  <testcase name="verifyLeaderBoardTest" time="4.644" classname="com.qa.tests.LeaderBoardPageTest">
    <failure type="java.lang.AssertionError" message="Given element not present on the board expected [true] but found [false]">
      <![CDATA[java.lang.AssertionError: Given element not present on the board expected [true] but found [false]
at org.testng.Assert.fail(Assert.java:96)
at org.testng.Assert.failNotEquals(Assert.java:776)
at org.testng.Assert.assertTrue(Assert.java:44)
at com.qa.tests.LeaderBoardPageTest.verifyLeaderBoardTest(LeaderBoardPageTest.java:66)
at sun.reflect.NativeMethodAccessorImpl.invoke0(Native Method)
at sun.reflect.NativeMethodAccessorImpl.invoke(Unknown Source)
at sun.reflect.DelegatingMethodAccessorImpl.invoke(Unknown Source)
at java.lang.reflect.Method.invoke(Unknown Source)
at org.testng.internal.MethodInvocationHelper.invokeMethod(MethodInvocationHelper.java:124)
at org.testng.internal.Invoker.invokeMethod(Invoker.java:583)
at org.testng.internal.Invoker.retryFailed(Invoker.java:839)
at org.testng.internal.Invoker.invokeTestMethods(Invoker.java:1010)
at org.testng.internal.TestMethodWorker.invokeTestMethods(TestMethodWorker.java:125)
at org.testng.internal.TestMethodWorker.run(TestMethodWorker.java:109)
at java.util.concurrent.ThreadPoolExecutor.runWorker(Unknown Source)
at java.util.concurrent.ThreadPoolExecutor$Worker.run(Unknown Source)
at java.lang.Thread.run(Unknown Source)
]]>
    </failure>
  </testcase> <!-- verifyLeaderBoardTest -->
  <testcase name="verifyLeaderBoardTest" time="5.470" classname="com.qa.tests.LeaderBoardPageTest">
    <skipped/>
  </testcase> <!-- verifyLeaderBoardTest -->
  <testcase name="verifyleaderBoardPageTitle" time="3.624" classname="com.qa.tests.LeaderBoardPageTest"/>
</testsuite> <!-- com.qa.tests.LeaderBoardPageTest -->
