<?xml version="1.0" encoding="UTF-8"?>
<!-- Generated by org.testng.reporters.JUnitReportReporter -->
<testsuite skipped="0" hostname="LAPTOP-2IFEJBVE" name="api.UserRegAuthnApiTest" tests="2" failures="0" timestamp="24 May 2022 01:41:25 GMT" time="6.230" errors="0">
  <testcase name="registerUserTest" time="4.395" classname="api.UserRegAuthnApiTest"/>
  <testcase name="authenticateUserTest" time="1.835" classname="api.UserRegAuthnApiTest"/>
</testsuite> <!-- api.UserRegAuthnApiTest -->
