<?xml version="1.0" encoding="UTF-8"?>
<!-- Generated by org.testng.reporters.JUnitReportReporter -->
<testsuite skipped="2" hostname="LAPTOP-2IFEJBVE" name="ui.UserRegistrationTest" tests="3" failures="0" timestamp="24 May 2022 01:37:21 GMT" time="9.186" errors="0">
  <testcase name="registerSingleUserTest" time="9.186" classname="ui.UserRegistrationTest"/>
  <testcase name="misMatchPasswordTest" classname="ui.UserRegistrationTest">
    <skipped/>
  </testcase> <!-- misMatchPasswordTest -->
  <testcase name="cancelUserRegisterationTest" classname="ui.UserRegistrationTest">
    <skipped/>
  </testcase> <!-- cancelUserRegisterationTest -->
</testsuite> <!-- ui.UserRegistrationTest -->
